<?xml version="1.0" encoding="UTF-8"?>
<coverage generated="1746614161518" clover="3.2.0">
  <project timestamp="1746614161518" name="All files">
    <metrics statements="74" coveredstatements="64" conditionals="73" coveredconditionals="61" methods="17" coveredmethods="12" elements="164" coveredelements="137" complexity="0" loc="74" ncloc="74" packages="1" files="1" classes="1"/>
    <file name="server.js" path="C:\Users\Bianca\OneDrive\Desktop\react-project\server\server.js">
      <metrics statements="74" coveredstatements="64" conditionals="73" coveredconditionals="61" methods="17" coveredmethods="12"/>
      <line num="1" count="1" type="stmt"/>
      <line num="2" count="1" type="stmt"/>
      <line num="4" count="1" type="stmt"/>
      <line num="5" count="1" type="stmt"/>
      <line num="7" count="1" type="stmt"/>
      <line num="8" count="1" type="stmt"/>
      <line num="10" count="1" type="stmt"/>
      <line num="33" count="1" type="stmt"/>
      <line num="34" count="7" type="stmt"/>
      <line num="36" count="7" type="stmt"/>
      <line num="38" count="7" type="cond" truecount="2" falsecount="0"/>
      <line num="39" count="6" type="stmt"/>
      <line num="42" count="7" type="cond" truecount="2" falsecount="0"/>
      <line num="43" count="15" type="stmt"/>
      <line num="46" count="7" type="cond" truecount="1" falsecount="1"/>
      <line num="47" count="0" type="stmt"/>
      <line num="50" count="7" type="cond" truecount="2" falsecount="0"/>
      <line num="51" count="2" type="stmt"/>
      <line num="52" count="2" type="cond" truecount="2" falsecount="0"/>
      <line num="53" count="16" type="stmt"/>
      <line num="58" count="7" type="cond" truecount="2" falsecount="0"/>
      <line num="59" count="16" type="stmt"/>
      <line num="60" count="6" type="cond" truecount="2" falsecount="0"/>
      <line num="61" count="28" type="stmt"/>
      <line num="64" count="7" type="stmt"/>
      <line num="70" count="1" type="stmt"/>
      <line num="71" count="0" type="stmt"/>
      <line num="72" count="0" type="stmt"/>
      <line num="74" count="0" type="cond" truecount="0" falsecount="2"/>
      <line num="75" count="0" type="stmt"/>
      <line num="78" count="0" type="stmt"/>
      <line num="82" count="1" type="cond" truecount="1" falsecount="1"/>
      <line num="83" count="0" type="stmt"/>
      <line num="84" count="0" type="stmt"/>
      <line num="88" count="1" type="stmt"/>
      <line num="92" count="0" type="stmt"/>
      <line num="109" count="1" type="stmt"/>
      <line num="110" count="20" type="stmt"/>
      <line num="112" count="20" type="cond" truecount="2" falsecount="0"/>
      <line num="119" count="1" type="stmt"/>
      <line num="131" count="193" type="cond" truecount="1" falsecount="1"/>
      <line num="132" count="19" type="stmt"/>
      <line num="134" count="19" type="stmt"/>
      <line num="136" count="19" type="stmt"/>
      <line num="144" count="1" type="stmt"/>
      <line num="145" count="10" type="stmt"/>
      <line num="146" count="10" type="stmt"/>
      <line num="148" count="134" type="stmt"/>
      <line num="150" count="10" type="cond" truecount="2" falsecount="0"/>
      <line num="151" count="1" type="stmt"/>
      <line num="154" count="9" type="cond" truecount="2" falsecount="0"/>
      <line num="155" count="3" type="cond" truecount="4" falsecount="0"/>
      <line num="156" count="1" type="stmt"/>
      <line num="160" count="8" type="cond" truecount="2" falsecount="0"/>
      <line num="161" count="3" type="cond" truecount="2" falsecount="0"/>
      <line num="165" count="2" type="stmt"/>
      <line num="169" count="6" type="cond" truecount="2" falsecount="0"/>
      <line num="170" count="3" type="cond" truecount="2" falsecount="0"/>
      <line num="175" count="2" type="stmt"/>
      <line num="179" count="4" type="cond" truecount="1" falsecount="1"/>
      <line num="180" count="4" type="cond" truecount="2" falsecount="0"/>
      <line num="184" count="1" type="stmt"/>
      <line num="188" count="3" type="cond" truecount="2" falsecount="0"/>
      <line num="189" count="1" type="cond" truecount="3" falsecount="1"/>
      <line num="190" count="0" type="stmt"/>
      <line num="194" count="3" type="stmt"/>
      <line num="196" count="3" type="stmt"/>
      <line num="201" count="1" type="stmt"/>
      <line num="202" count="2" type="stmt"/>
      <line num="203" count="13" type="stmt"/>
      <line num="205" count="2" type="cond" truecount="2" falsecount="0"/>
      <line num="206" count="1" type="stmt"/>
      <line num="209" count="1" type="stmt"/>
      <line num="211" count="1" type="stmt"/>
    </file>
  </project>
</coverage>
