{"C:\\Users\\Bianca\\OneDrive\\Desktop\\react-project\\server\\server.js": {"path":"C:\\Users\\Bianca\\OneDrive\\Desktop\\react-project\\server\\server.js","statementMap":{"0":{"start":{"line":1,"column":16},"end":{"line":1,"column":34}},"1":{"start":{"line":2,"column":13},"end":{"line":2,"column":28}},"2":{"start":{"line":4,"column":12},"end":{"line":4,"column":21}},"3":{"start":{"line":5,"column":13},"end":{"line":5,"column":17}},"4":{"start":{"line":7,"column":0},"end":{"line":7,"column":16}},"5":{"start":{"line":8,"column":0},"end":{"line":8,"column":24}},"6":{"start":{"line":10,"column":11},"end":{"line":27,"column":1}},"7":{"start":{"line":33,"column":0},"end":{"line":65,"column":3}},"8":{"start":{"line":34,"column":47},"end":{"line":34,"column":56}},"9":{"start":{"line":36,"column":15},"end":{"line":36,"column":19}},"10":{"start":{"line":38,"column":2},"end":{"line":40,"column":3}},"11":{"start":{"line":39,"column":4},"end":{"line":39,"column":81}},"12":{"start":{"line":39,"column":32},"end":{"line":39,"column":79}},"13":{"start":{"line":42,"column":2},"end":{"line":44,"column":3}},"14":{"start":{"line":43,"column":4},"end":{"line":43,"column":83}},"15":{"start":{"line":43,"column":32},"end":{"line":43,"column":81}},"16":{"start":{"line":46,"column":2},"end":{"line":48,"column":3}},"17":{"start":{"line":47,"column":4},"end":{"line":47,"column":83}},"18":{"start":{"line":47,"column":32},"end":{"line":47,"column":81}},"19":{"start":{"line":50,"column":2},"end":{"line":55,"column":3}},"20":{"start":{"line":51,"column":22},"end":{"line":51,"column":35}},"21":{"start":{"line":52,"column":4},"end":{"line":54,"column":5}},"22":{"start":{"line":53,"column":6},"end":{"line":53,"column":55}},"23":{"start":{"line":53,"column":34},"end":{"line":53,"column":53}},"24":{"start":{"line":58,"column":2},"end":{"line":62,"column":3}},"25":{"start":{"line":59,"column":4},"end":{"line":59,"column":58}},"26":{"start":{"line":59,"column":43},"end":{"line":59,"column":56}},"27":{"start":{"line":60,"column":9},"end":{"line":62,"column":3}},"28":{"start":{"line":61,"column":4},"end":{"line":61,"column":73}},"29":{"start":{"line":61,"column":43},"end":{"line":61,"column":71}},"30":{"start":{"line":64,"column":2},"end":{"line":64,"column":19}},"31":{"start":{"line":70,"column":0},"end":{"line":79,"column":3}},"32":{"start":{"line":71,"column":13},"end":{"line":71,"column":36}},"33":{"start":{"line":72,"column":14},"end":{"line":72,"column":41}},"34":{"start":{"line":72,"column":29},"end":{"line":72,"column":40}},"35":{"start":{"line":74,"column":2},"end":{"line":76,"column":3}},"36":{"start":{"line":75,"column":4},"end":{"line":75,"column":60}},"37":{"start":{"line":78,"column":2},"end":{"line":78,"column":16}},"38":{"start":{"line":82,"column":0},"end":{"line":86,"column":3}},"39":{"start":{"line":83,"column":4},"end":{"line":85,"column":7}},"40":{"start":{"line":84,"column":6},"end":{"line":84,"column":64}},"41":{"start":{"line":88,"column":2},"end":{"line":88,"column":23}},"42":{"start":{"line":92,"column":4},"end":{"line":98,"column":6}},"43":{"start":{"line":109,"column":2},"end":{"line":137,"column":5}},"44":{"start":{"line":110,"column":19},"end":{"line":110,"column":27}},"45":{"start":{"line":112,"column":4},"end":{"line":129,"column":7}},"46":{"start":{"line":119,"column":8},"end":{"line":128,"column":11}},"47":{"start":{"line":131,"column":18},"end":{"line":131,"column":72}},"48":{"start":{"line":131,"column":62},"end":{"line":131,"column":66}},"49":{"start":{"line":132,"column":4},"end":{"line":132,"column":26}},"50":{"start":{"line":134,"column":4},"end":{"line":134,"column":22}},"51":{"start":{"line":136,"column":4},"end":{"line":136,"column":33}},"52":{"start":{"line":144,"column":0},"end":{"line":197,"column":3}},"53":{"start":{"line":145,"column":16},"end":{"line":145,"column":39}},"54":{"start":{"line":146,"column":18},"end":{"line":146,"column":26}},"55":{"start":{"line":148,"column":14},"end":{"line":148,"column":44}},"56":{"start":{"line":148,"column":29},"end":{"line":148,"column":43}},"57":{"start":{"line":150,"column":2},"end":{"line":152,"column":3}},"58":{"start":{"line":151,"column":4},"end":{"line":151,"column":60}},"59":{"start":{"line":154,"column":2},"end":{"line":158,"column":3}},"60":{"start":{"line":155,"column":4},"end":{"line":157,"column":5}},"61":{"start":{"line":156,"column":6},"end":{"line":156,"column":61}},"62":{"start":{"line":160,"column":2},"end":{"line":167,"column":3}},"63":{"start":{"line":161,"column":4},"end":{"line":166,"column":5}},"64":{"start":{"line":165,"column":6},"end":{"line":165,"column":79}},"65":{"start":{"line":169,"column":2},"end":{"line":177,"column":3}},"66":{"start":{"line":170,"column":4},"end":{"line":176,"column":5}},"67":{"start":{"line":175,"column":6},"end":{"line":175,"column":77}},"68":{"start":{"line":179,"column":2},"end":{"line":186,"column":3}},"69":{"start":{"line":180,"column":4},"end":{"line":185,"column":5}},"70":{"start":{"line":184,"column":6},"end":{"line":184,"column":88}},"71":{"start":{"line":188,"column":2},"end":{"line":192,"column":3}},"72":{"start":{"line":189,"column":4},"end":{"line":191,"column":5}},"73":{"start":{"line":190,"column":6},"end":{"line":190,"column":70}},"74":{"start":{"line":194,"column":2},"end":{"line":194,"column":30}},"75":{"start":{"line":196,"column":2},"end":{"line":196,"column":16}},"76":{"start":{"line":201,"column":0},"end":{"line":212,"column":5}},"77":{"start":{"line":202,"column":18},"end":{"line":202,"column":41}},"78":{"start":{"line":203,"column":18},"end":{"line":203,"column":53}},"79":{"start":{"line":203,"column":38},"end":{"line":203,"column":52}},"80":{"start":{"line":205,"column":4},"end":{"line":207,"column":5}},"81":{"start":{"line":206,"column":6},"end":{"line":206,"column":62}},"82":{"start":{"line":209,"column":23},"end":{"line":209,"column":47}},"83":{"start":{"line":211,"column":4},"end":{"line":211,"column":58}}},"fnMap":{"0":{"name":"(anonymous_0)","decl":{"start":{"line":33,"column":17},"end":{"line":33,"column":18}},"loc":{"start":{"line":33,"column":31},"end":{"line":65,"column":1}},"line":33},"1":{"name":"(anonymous_1)","decl":{"start":{"line":39,"column":27},"end":{"line":39,"column":28}},"loc":{"start":{"line":39,"column":32},"end":{"line":39,"column":79}},"line":39},"2":{"name":"(anonymous_2)","decl":{"start":{"line":43,"column":27},"end":{"line":43,"column":28}},"loc":{"start":{"line":43,"column":32},"end":{"line":43,"column":81}},"line":43},"3":{"name":"(anonymous_3)","decl":{"start":{"line":47,"column":27},"end":{"line":47,"column":28}},"loc":{"start":{"line":47,"column":32},"end":{"line":47,"column":81}},"line":47},"4":{"name":"(anonymous_4)","decl":{"start":{"line":53,"column":29},"end":{"line":53,"column":30}},"loc":{"start":{"line":53,"column":34},"end":{"line":53,"column":53}},"line":53},"5":{"name":"(anonymous_5)","decl":{"start":{"line":59,"column":33},"end":{"line":59,"column":34}},"loc":{"start":{"line":59,"column":43},"end":{"line":59,"column":56}},"line":59},"6":{"name":"(anonymous_6)","decl":{"start":{"line":61,"column":33},"end":{"line":61,"column":34}},"loc":{"start":{"line":61,"column":43},"end":{"line":61,"column":71}},"line":61},"7":{"name":"(anonymous_7)","decl":{"start":{"line":70,"column":21},"end":{"line":70,"column":22}},"loc":{"start":{"line":70,"column":35},"end":{"line":79,"column":1}},"line":70},"8":{"name":"(anonymous_8)","decl":{"start":{"line":72,"column":24},"end":{"line":72,"column":25}},"loc":{"start":{"line":72,"column":29},"end":{"line":72,"column":40}},"line":72},"9":{"name":"(anonymous_9)","decl":{"start":{"line":83,"column":21},"end":{"line":83,"column":22}},"loc":{"start":{"line":83,"column":27},"end":{"line":85,"column":5}},"line":83},"10":{"name":"isValidPet","decl":{"start":{"line":91,"column":9},"end":{"line":91,"column":19}},"loc":{"start":{"line":91,"column":25},"end":{"line":99,"column":3}},"line":91},"11":{"name":"(anonymous_11)","decl":{"start":{"line":109,"column":20},"end":{"line":109,"column":21}},"loc":{"start":{"line":109,"column":34},"end":{"line":137,"column":3}},"line":109},"12":{"name":"(anonymous_12)","decl":{"start":{"line":131,"column":57},"end":{"line":131,"column":58}},"loc":{"start":{"line":131,"column":62},"end":{"line":131,"column":66}},"line":131},"13":{"name":"(anonymous_13)","decl":{"start":{"line":144,"column":23},"end":{"line":144,"column":24}},"loc":{"start":{"line":144,"column":37},"end":{"line":197,"column":1}},"line":144},"14":{"name":"(anonymous_14)","decl":{"start":{"line":148,"column":24},"end":{"line":148,"column":25}},"loc":{"start":{"line":148,"column":29},"end":{"line":148,"column":43}},"line":148},"15":{"name":"(anonymous_15)","decl":{"start":{"line":201,"column":24},"end":{"line":201,"column":25}},"loc":{"start":{"line":201,"column":38},"end":{"line":212,"column":3}},"line":201},"16":{"name":"(anonymous_16)","decl":{"start":{"line":203,"column":33},"end":{"line":203,"column":34}},"loc":{"start":{"line":203,"column":38},"end":{"line":203,"column":52}},"line":203}},"branchMap":{"0":{"loc":{"start":{"line":38,"column":2},"end":{"line":40,"column":3}},"type":"if","locations":[{"start":{"line":38,"column":2},"end":{"line":40,"column":3}},{"start":{},"end":{}}],"line":38},"1":{"loc":{"start":{"line":42,"column":2},"end":{"line":44,"column":3}},"type":"if","locations":[{"start":{"line":42,"column":2},"end":{"line":44,"column":3}},{"start":{},"end":{}}],"line":42},"2":{"loc":{"start":{"line":46,"column":2},"end":{"line":48,"column":3}},"type":"if","locations":[{"start":{"line":46,"column":2},"end":{"line":48,"column":3}},{"start":{},"end":{}}],"line":46},"3":{"loc":{"start":{"line":50,"column":2},"end":{"line":55,"column":3}},"type":"if","locations":[{"start":{"line":50,"column":2},"end":{"line":55,"column":3}},{"start":{},"end":{}}],"line":50},"4":{"loc":{"start":{"line":52,"column":4},"end":{"line":54,"column":5}},"type":"if","locations":[{"start":{"line":52,"column":4},"end":{"line":54,"column":5}},{"start":{},"end":{}}],"line":52},"5":{"loc":{"start":{"line":58,"column":2},"end":{"line":62,"column":3}},"type":"if","locations":[{"start":{"line":58,"column":2},"end":{"line":62,"column":3}},{"start":{"line":60,"column":9},"end":{"line":62,"column":3}}],"line":58},"6":{"loc":{"start":{"line":60,"column":9},"end":{"line":62,"column":3}},"type":"if","locations":[{"start":{"line":60,"column":9},"end":{"line":62,"column":3}},{"start":{},"end":{}}],"line":60},"7":{"loc":{"start":{"line":74,"column":2},"end":{"line":76,"column":3}},"type":"if","locations":[{"start":{"line":74,"column":2},"end":{"line":76,"column":3}},{"start":{},"end":{}}],"line":74},"8":{"loc":{"start":{"line":82,"column":0},"end":{"line":86,"column":3}},"type":"if","locations":[{"start":{"line":82,"column":0},"end":{"line":86,"column":3}},{"start":{},"end":{}}],"line":82},"9":{"loc":{"start":{"line":93,"column":6},"end":{"line":97,"column":35}},"type":"binary-expr","locations":[{"start":{"line":93,"column":6},"end":{"line":93,"column":34}},{"start":{"line":94,"column":6},"end":{"line":94,"column":37}},{"start":{"line":95,"column":6},"end":{"line":95,"column":33}},{"start":{"line":96,"column":6},"end":{"line":96,"column":36}},{"start":{"line":97,"column":6},"end":{"line":97,"column":35}}],"line":93},"10":{"loc":{"start":{"line":112,"column":4},"end":{"line":129,"column":7}},"type":"if","locations":[{"start":{"line":112,"column":4},"end":{"line":129,"column":7}},{"start":{},"end":{}}],"line":112},"11":{"loc":{"start":{"line":113,"column":8},"end":{"line":117,"column":70}},"type":"binary-expr","locations":[{"start":{"line":113,"column":8},"end":{"line":113,"column":39}},{"start":{"line":113,"column":43},"end":{"line":113,"column":68}},{"start":{"line":114,"column":8},"end":{"line":114,"column":42}},{"start":{"line":114,"column":46},"end":{"line":114,"column":93}},{"start":{"line":115,"column":8},"end":{"line":115,"column":38}},{"start":{"line":115,"column":42},"end":{"line":115,"column":56}},{"start":{"line":115,"column":60},"end":{"line":115,"column":75}},{"start":{"line":116,"column":8},"end":{"line":116,"column":41}},{"start":{"line":116,"column":45},"end":{"line":116,"column":101}},{"start":{"line":117,"column":8},"end":{"line":117,"column":40}},{"start":{"line":117,"column":44},"end":{"line":117,"column":70}}],"line":113},"12":{"loc":{"start":{"line":131,"column":18},"end":{"line":131,"column":72}},"type":"cond-expr","locations":[{"start":{"line":131,"column":36},"end":{"line":131,"column":68}},{"start":{"line":131,"column":71},"end":{"line":131,"column":72}}],"line":131},"13":{"loc":{"start":{"line":150,"column":2},"end":{"line":152,"column":3}},"type":"if","locations":[{"start":{"line":150,"column":2},"end":{"line":152,"column":3}},{"start":{},"end":{}}],"line":150},"14":{"loc":{"start":{"line":154,"column":2},"end":{"line":158,"column":3}},"type":"if","locations":[{"start":{"line":154,"column":2},"end":{"line":158,"column":3}},{"start":{},"end":{}}],"line":154},"15":{"loc":{"start":{"line":155,"column":4},"end":{"line":157,"column":5}},"type":"if","locations":[{"start":{"line":155,"column":4},"end":{"line":157,"column":5}},{"start":{},"end":{}}],"line":155},"16":{"loc":{"start":{"line":155,"column":8},"end":{"line":155,"column":70}},"type":"binary-expr","locations":[{"start":{"line":155,"column":8},"end":{"line":155,"column":40}},{"start":{"line":155,"column":44},"end":{"line":155,"column":70}}],"line":155},"17":{"loc":{"start":{"line":160,"column":2},"end":{"line":167,"column":3}},"type":"if","locations":[{"start":{"line":160,"column":2},"end":{"line":167,"column":3}},{"start":{},"end":{}}],"line":160},"18":{"loc":{"start":{"line":161,"column":4},"end":{"line":166,"column":5}},"type":"if","locations":[{"start":{"line":161,"column":4},"end":{"line":166,"column":5}},{"start":{},"end":{}}],"line":161},"19":{"loc":{"start":{"line":162,"column":6},"end":{"line":163,"column":54}},"type":"binary-expr","locations":[{"start":{"line":162,"column":6},"end":{"line":162,"column":41}},{"start":{"line":163,"column":6},"end":{"line":163,"column":54}}],"line":162},"20":{"loc":{"start":{"line":169,"column":2},"end":{"line":177,"column":3}},"type":"if","locations":[{"start":{"line":169,"column":2},"end":{"line":177,"column":3}},{"start":{},"end":{}}],"line":169},"21":{"loc":{"start":{"line":170,"column":4},"end":{"line":176,"column":5}},"type":"if","locations":[{"start":{"line":170,"column":4},"end":{"line":176,"column":5}},{"start":{},"end":{}}],"line":170},"22":{"loc":{"start":{"line":171,"column":6},"end":{"line":173,"column":22}},"type":"binary-expr","locations":[{"start":{"line":171,"column":6},"end":{"line":171,"column":37}},{"start":{"line":172,"column":6},"end":{"line":172,"column":21}},{"start":{"line":173,"column":6},"end":{"line":173,"column":22}}],"line":171},"23":{"loc":{"start":{"line":179,"column":2},"end":{"line":186,"column":3}},"type":"if","locations":[{"start":{"line":179,"column":2},"end":{"line":186,"column":3}},{"start":{},"end":{}}],"line":179},"24":{"loc":{"start":{"line":180,"column":4},"end":{"line":185,"column":5}},"type":"if","locations":[{"start":{"line":180,"column":4},"end":{"line":185,"column":5}},{"start":{},"end":{}}],"line":180},"25":{"loc":{"start":{"line":181,"column":6},"end":{"line":182,"column":63}},"type":"binary-expr","locations":[{"start":{"line":181,"column":6},"end":{"line":181,"column":40}},{"start":{"line":182,"column":6},"end":{"line":182,"column":63}}],"line":181},"26":{"loc":{"start":{"line":188,"column":2},"end":{"line":192,"column":3}},"type":"if","locations":[{"start":{"line":188,"column":2},"end":{"line":192,"column":3}},{"start":{},"end":{}}],"line":188},"27":{"loc":{"start":{"line":189,"column":4},"end":{"line":191,"column":5}},"type":"if","locations":[{"start":{"line":189,"column":4},"end":{"line":191,"column":5}},{"start":{},"end":{}}],"line":189},"28":{"loc":{"start":{"line":189,"column":8},"end":{"line":189,"column":72}},"type":"binary-expr","locations":[{"start":{"line":189,"column":8},"end":{"line":189,"column":41}},{"start":{"line":189,"column":45},"end":{"line":189,"column":72}}],"line":189},"29":{"loc":{"start":{"line":205,"column":4},"end":{"line":207,"column":5}},"type":"if","locations":[{"start":{"line":205,"column":4},"end":{"line":207,"column":5}},{"start":{},"end":{}}],"line":205}},"s":{"0":1,"1":1,"2":1,"3":1,"4":1,"5":1,"6":1,"7":1,"8":7,"9":7,"10":7,"11":1,"12":6,"13":7,"14":1,"15":15,"16":7,"17":0,"18":0,"19":7,"20":2,"21":2,"22":1,"23":16,"24":7,"25":1,"26":16,"27":6,"28":1,"29":28,"30":7,"31":1,"32":0,"33":0,"34":0,"35":0,"36":0,"37":0,"38":1,"39":0,"40":0,"41":1,"42":0,"43":1,"44":20,"45":20,"46":1,"47":19,"48":193,"49":19,"50":19,"51":19,"52":1,"53":10,"54":10,"55":10,"56":134,"57":10,"58":1,"59":9,"60":3,"61":1,"62":8,"63":3,"64":2,"65":6,"66":3,"67":2,"68":4,"69":4,"70":1,"71":3,"72":1,"73":0,"74":3,"75":3,"76":1,"77":2,"78":2,"79":13,"80":2,"81":1,"82":1,"83":1},"f":{"0":7,"1":6,"2":15,"3":0,"4":16,"5":16,"6":28,"7":0,"8":0,"9":0,"10":0,"11":20,"12":193,"13":10,"14":134,"15":2,"16":13},"b":{"0":[1,6],"1":[1,6],"2":[0,7],"3":[2,5],"4":[1,1],"5":[1,6],"6":[1,5],"7":[0,0],"8":[0,1],"9":[0,0,0,0,0],"10":[1,19],"11":[20,19,19,19,19,19,19,19,19,19,19],"12":[19,0],"13":[1,9],"14":[3,6],"15":[1,2],"16":[3,2],"17":[3,5],"18":[2,1],"19":[3,2],"20":[3,3],"21":[2,1],"22":[3,2,2],"23":[4,0],"24":[1,3],"25":[4,3],"26":[1,2],"27":[0,1],"28":[1,1],"29":[1,1]},"_coverageSchema":"1a1c01bbd47fc00a2c39e90264f33305004495a9","hash":"62a8722ebe4eb6ef92a7d9f84df675b6d127790e"}
}
