TN:
SF:server.js
FN:33,(anonymous_0)
FN:39,(anonymous_1)
FN:43,(anonymous_2)
FN:47,(anonymous_3)
FN:53,(anonymous_4)
FN:59,(anonymous_5)
FN:61,(anonymous_6)
FN:70,(anonymous_7)
FN:72,(anonymous_8)
FN:83,(anonymous_9)
FN:91,isValidPet
FN:109,(anonymous_11)
FN:131,(anonymous_12)
FN:144,(anonymous_13)
FN:148,(anonymous_14)
FN:201,(anonymous_15)
FN:203,(anonymous_16)
FNF:17
FNH:12
FNDA:7,(anonymous_0)
FNDA:6,(anonymous_1)
FNDA:15,(anonymous_2)
FNDA:0,(anonymous_3)
FNDA:16,(anonymous_4)
FNDA:16,(anonymous_5)
FNDA:28,(anonymous_6)
FNDA:0,(anonymous_7)
FNDA:0,(anonymous_8)
FNDA:0,(anonymous_9)
FNDA:0,isValidPet
FNDA:20,(anonymous_11)
FNDA:193,(anonymous_12)
FNDA:10,(anonymous_13)
FNDA:134,(anonymous_14)
FNDA:2,(anonymous_15)
FNDA:13,(anonymous_16)
DA:1,1
DA:2,1
DA:4,1
DA:5,1
DA:7,1
DA:8,1
DA:10,1
DA:33,1
DA:34,7
DA:36,7
DA:38,7
DA:39,6
DA:42,7
DA:43,15
DA:46,7
DA:47,0
DA:50,7
DA:51,2
DA:52,2
DA:53,16
DA:58,7
DA:59,16
DA:60,6
DA:61,28
DA:64,7
DA:70,1
DA:71,0
DA:72,0
DA:74,0
DA:75,0
DA:78,0
DA:82,1
DA:83,0
DA:84,0
DA:88,1
DA:92,0
DA:109,1
DA:110,20
DA:112,20
DA:119,1
DA:131,193
DA:132,19
DA:134,19
DA:136,19
DA:144,1
DA:145,10
DA:146,10
DA:148,134
DA:150,10
DA:151,1
DA:154,9
DA:155,3
DA:156,1
DA:160,8
DA:161,3
DA:165,2
DA:169,6
DA:170,3
DA:175,2
DA:179,4
DA:180,4
DA:184,1
DA:188,3
DA:189,1
DA:190,0
DA:194,3
DA:196,3
DA:201,1
DA:202,2
DA:203,13
DA:205,2
DA:206,1
DA:209,1
DA:211,1
LF:74
LH:64
BRDA:38,0,0,1
BRDA:38,0,1,6
BRDA:42,1,0,1
BRDA:42,1,1,6
BRDA:46,2,0,0
BRDA:46,2,1,7
BRDA:50,3,0,2
BRDA:50,3,1,5
BRDA:52,4,0,1
BRDA:52,4,1,1
BRDA:58,5,0,1
BRDA:58,5,1,6
BRDA:60,6,0,1
BRDA:60,6,1,5
BRDA:74,7,0,0
BRDA:74,7,1,0
BRDA:82,8,0,0
BRDA:82,8,1,1
BRDA:93,9,0,0
BRDA:93,9,1,0
BRDA:93,9,2,0
BRDA:93,9,3,0
BRDA:93,9,4,0
BRDA:112,10,0,1
BRDA:112,10,1,19
BRDA:113,11,0,20
BRDA:113,11,1,19
BRDA:113,11,2,19
BRDA:113,11,3,19
BRDA:113,11,4,19
BRDA:113,11,5,19
BRDA:113,11,6,19
BRDA:113,11,7,19
BRDA:113,11,8,19
BRDA:113,11,9,19
BRDA:113,11,10,19
BRDA:131,12,0,19
BRDA:131,12,1,0
BRDA:150,13,0,1
BRDA:150,13,1,9
BRDA:154,14,0,3
BRDA:154,14,1,6
BRDA:155,15,0,1
BRDA:155,15,1,2
BRDA:155,16,0,3
BRDA:155,16,1,2
BRDA:160,17,0,3
BRDA:160,17,1,5
BRDA:161,18,0,2
BRDA:161,18,1,1
BRDA:162,19,0,3
BRDA:162,19,1,2
BRDA:169,20,0,3
BRDA:169,20,1,3
BRDA:170,21,0,2
BRDA:170,21,1,1
BRDA:171,22,0,3
BRDA:171,22,1,2
BRDA:171,22,2,2
BRDA:179,23,0,4
BRDA:179,23,1,0
BRDA:180,24,0,1
BRDA:180,24,1,3
BRDA:181,25,0,4
BRDA:181,25,1,3
BRDA:188,26,0,1
BRDA:188,26,1,2
BRDA:189,27,0,0
BRDA:189,27,1,1
BRDA:189,28,0,1
BRDA:189,28,1,1
BRDA:205,29,0,1
BRDA:205,29,1,1
BRF:73
BRH:61
end_of_record
